<?xml version="1.0" encoding="UTF-8"?>
<testng-results ignored="0" total="2" passed="2" failed="0" skipped="0">
  <reporter-output>
  </reporter-output>
  <suite started-at="2024-01-20T13:50:02 IST" name="SmokeSuite" finished-at="2024-01-20T13:50:31 IST" duration-ms="28583">
    <groups>
    </groups>
    <test started-at="2024-01-20T13:50:02 IST" name="Chrome" finished-at="2024-01-20T13:50:31 IST" duration-ms="28583">
      <class name="com.WordPress1.testCases.TC_VerifyWPHomePage">
        <test-method is-config="true" signature="setUp(java.lang.String)[pri:0, instance:com.WordPress1.testCases.TC_VerifyWPHomePage@29e495ff]" started-at="2024-01-20T13:50:03 IST" name="setUp" finished-at="2024-01-20T13:50:08 IST" duration-ms="5675" status="PASS">
          <params>
            <param index="0">
              <value>
                <![CDATA[Chrome]]>
              </value>
            </param>
          </params>
          <reporter-output>
          </reporter-output>
        </test-method> <!-- setUp -->
        <test-method signature="VerifyHomePage()[pri:0, instance:com.WordPress1.testCases.TC_VerifyWPHomePage@29e495ff]" started-at="2024-01-20T13:50:08 IST" name="VerifyHomePage" finished-at="2024-01-20T13:50:14 IST" duration-ms="5566" status="PASS">
          <reporter-output>
          </reporter-output>
        </test-method> <!-- VerifyHomePage -->
        <test-method is-config="true" signature="tearDown(org.testng.ITestResult)[pri:0, instance:com.WordPress1.testCases.TC_VerifyWPHomePage@29e495ff]" started-at="2024-01-20T13:50:14 IST" name="tearDown" finished-at="2024-01-20T13:50:14 IST" duration-ms="328" status="PASS">
          <params>
            <param index="0">
              <value>
                <![CDATA[[TestResult name=VerifyHomePage status=SUCCESS method=TC_VerifyWPHomePage.VerifyHomePage()[pri:0, instance:com.WordPress1.testCases.TC_VerifyWPHomePage@29e495ff] output={null}]]]>
              </value>
            </param>
          </params>
          <reporter-output>
          </reporter-output>
        </test-method> <!-- tearDown -->
      </class> <!-- com.WordPress1.testCases.TC_VerifyWPHomePage -->
      <class name="com.WordPress1.testCases.TC_VerifyLogin_001">
        <test-method is-config="true" signature="setUp(java.lang.String)[pri:0, instance:com.WordPress1.testCases.TC_VerifyLogin_001@41e1e210]" started-at="2024-01-20T13:50:14 IST" name="setUp" finished-at="2024-01-20T13:50:19 IST" duration-ms="5122" status="PASS">
          <params>
            <param index="0">
              <value>
                <![CDATA[Chrome]]>
              </value>
            </param>
          </params>
          <reporter-output>
          </reporter-output>
        </test-method> <!-- setUp -->
        <test-method signature="VerifyLogin()[pri:0, instance:com.WordPress1.testCases.TC_VerifyLogin_001@41e1e210]" started-at="2024-01-20T13:50:19 IST" name="VerifyLogin" finished-at="2024-01-20T13:50:30 IST" duration-ms="10927" status="PASS">
          <reporter-output>
          </reporter-output>
        </test-method> <!-- VerifyLogin -->
        <test-method is-config="true" signature="tearDown(org.testng.ITestResult)[pri:0, instance:com.WordPress1.testCases.TC_VerifyLogin_001@41e1e210]" started-at="2024-01-20T13:50:30 IST" name="tearDown" finished-at="2024-01-20T13:50:31 IST" duration-ms="299" status="PASS">
          <params>
            <param index="0">
              <value>
                <![CDATA[[TestResult name=VerifyLogin status=SUCCESS method=TC_VerifyLogin_001.VerifyLogin()[pri:0, instance:com.WordPress1.testCases.TC_VerifyLogin_001@41e1e210] output={null}]]]>
              </value>
            </param>
          </params>
          <reporter-output>
          </reporter-output>
        </test-method> <!-- tearDown -->
      </class> <!-- com.WordPress1.testCases.TC_VerifyLogin_001 -->
    </test> <!-- Chrome -->
  </suite> <!-- SmokeSuite -->
</testng-results>
